<?xml version="1.0" encoding="UTF-8"?>
<!-- Generated by org.testng.reporters.JUnitReportReporter -->
<testsuite hostname="Aditya" failures="0" tests="2" name="e_Practice_TestNG.a_Sample_Test" time="0.011" errors="0" timestamp="2025-07-08T12:49:29 IST" skipped="0">
  <testcase classname="e_Practice_TestNG.a_Sample_Test" name="acreateContactWithMobileNumber" time="0.010"/>
  <testcase classname="e_Practice_TestNG.a_Sample_Test" name="dcreateContactTest" time="0.001"/>
</testsuite> <!-- e_Practice_TestNG.a_Sample_Test -->
