<?xml version="1.0" encoding="UTF-8"?>
<!-- Generated by org.testng.reporters.JUnitReportReporter -->
<testsuite hostname="Aditya" failures="0" tests="3" name="e_Practice_TestNG.b_Contact_Test" time="0.013" errors="0" timestamp="2025-07-08T13:12:57 IST" skipped="0">
  <testcase classname="e_Practice_TestNG.b_Contact_Test" name="createContactTest" time="0.010"/>
  <testcase classname="e_Practice_TestNG.b_Contact_Test" name="modifyContactTest" time="0.002"/>
  <testcase classname="e_Practice_TestNG.b_Contact_Test" name="deleteConatctTest" time="0.001"/>
</testsuite> <!-- e_Practice_TestNG.b_Contact_Test -->
