<?xml version="1.0" encoding="UTF-8"?>
<!-- Generated by org.testng.reporters.JUnitReportReporter -->
<testsuite hostname="Aditya" failures="0" tests="1" name="l_Screenshots.a_PageScreenshot" time="3.803" errors="0" timestamp="2025-07-10T16:16:21 IST" skipped="0">
  <testcase classname="l_Screenshots.a_PageScreenshot" name="pageScreenshot" time="3.803"/>
</testsuite> <!-- l_Screenshots.a_PageScreenshot -->
