<?xml version="1.0" encoding="UTF-8"?>
<!-- Generated by org.testng.reporters.JUnitReportReporter -->
<testsuite hostname="Aditya" failures="0" tests="4" name="e_Practice_TestNG.e_DataProvider" time="0.007" errors="0" timestamp="2025-07-08T15:17:38 IST" skipped="0">
  <testcase classname="e_Practice_TestNG.e_DataProvider" name="createContact" time="0.005"/>
  <testcase classname="e_Practice_TestNG.e_DataProvider" name="createContact" time="0.001"/>
  <testcase classname="e_Practice_TestNG.e_DataProvider" name="createContact" time="0.001"/>
  <testcase classname="e_Practice_TestNG.e_DataProvider" name="createContact" time="0.000"/>
</testsuite> <!-- e_Practice_TestNG.e_DataProvider -->
