<?xml version="1.0" encoding="UTF-8"?>
<!-- Generated by org.testng.reporters.JUnitReportReporter -->
<testsuite hostname="Aditya" failures="0" tests="1" name="q_Maven_CMD.b_CreateOrgWithIndustry_Test" time="8.836" errors="0" timestamp="2025-07-21T17:36:43 IST" skipped="0">
  <testcase classname="q_Maven_CMD.b_CreateOrgWithIndustry_Test" name="createOrganizationWithIndustry_Test" time="8.836"/>
</testsuite> <!-- q_Maven_CMD.b_CreateOrgWithIndustry_Test -->
