<?xml version="1.0" encoding="UTF-8"?>
<!-- Generated by org.testng.reporters.JUnitReportReporter -->
<testsuite hostname="Aditya" failures="0" tests="1" name="n_ExtentReport.c_Add_Screenshot" time="1.652" errors="0" timestamp="2025-07-16T16:28:54 IST" skipped="0">
  <testcase classname="n_ExtentReport.c_Add_Screenshot" name="createContact" time="1.652"/>
</testsuite> <!-- n_ExtentReport.c_Add_Screenshot -->
