<?xml version="1.0" encoding="UTF-8"?>
<!-- Generated by org.testng.reporters.JUnitReportReporter -->
<testsuite hostname="Aditya" failures="0" tests="1" name="n_ExtentReport.d_Add_Screenshot" time="1.685" errors="0" timestamp="2025-07-16T16:15:03 IST" skipped="0">
  <testcase classname="n_ExtentReport.d_Add_Screenshot" name="createContact" time="1.685"/>
</testsuite> <!-- n_ExtentReport.d_Add_Screenshot -->
