<?xml version="1.0" encoding="UTF-8"?>
<!-- Generated by org.testng.reporters.JUnitReportReporter -->
<testsuite hostname="Aditya" failures="0" tests="3" name="e_TestNG.j_Organization_Test" time="20.861" errors="0" timestamp="2025-07-09T13:24:54 IST" skipped="0">
  <testcase classname="e_TestNG.j_Organization_Test" name="createOrg_Test" time="6.832"/>
  <testcase classname="e_TestNG.j_Organization_Test" name="createOrganizationWithIndustry_Test" time="7.608"/>
  <testcase classname="e_TestNG.j_Organization_Test" name="createOrganizationWithPhoneNumber_Test" time="6.421"/>
</testsuite> <!-- e_TestNG.j_Organization_Test -->
