<?xml version="1.0" encoding="UTF-8"?>
<!-- Generated by org.testng.reporters.JUnitReportReporter -->
<testsuite hostname="Aditya" failures="0" tests="2" name="e_TestNG.h_CreateContTest" time="0.003" errors="0" timestamp="2025-07-09T10:41:41 IST" skipped="0">
  <testcase classname="e_TestNG.h_CreateContTest" name="createContactWithDate" time="0.001"/>
  <testcase classname="e_TestNG.h_CreateContTest" name="createContact" time="0.002"/>
</testsuite> <!-- e_TestNG.h_CreateContTest -->
