<?xml version="1.0" encoding="UTF-8"?>
<!-- Generated by org.testng.reporters.JUnitReportReporter -->
<testsuite hostname="Aditya" failures="0" tests="3" name="n_ExtentReport.b_CreateContact" time="0.013" errors="0" timestamp="2025-07-16T15:40:39 IST" skipped="0">
  <testcase classname="n_ExtentReport.b_CreateContact" name="createContact" time="0.011"/>
  <testcase classname="n_ExtentReport.b_CreateContact" name="createContactWithPhoneNumber" time="0.001"/>
  <testcase classname="n_ExtentReport.b_CreateContact" name="createContactWithOrg" time="0.001"/>
</testsuite> <!-- n_ExtentReport.b_CreateContact -->
