<?xml version="1.0" encoding="UTF-8"?>
<!-- Generated by org.testng.reporters.JUnitReportReporter -->
<testsuite hostname="Aditya" failures="0" tests="10" name="e_Practice_TestNG.f_DataP_with_Excel" time="0.015" errors="0" timestamp="2025-07-08T16:12:51 IST" skipped="0">
  <testcase classname="e_Practice_TestNG.f_DataP_with_Excel" name="createContact_Id_and_Name" time="0.006">
    <system-out>
      <![CDATA[Contact id: A_001
Contact name: Google]]>
    </system-out>
  </testcase> <!-- createContact_Id_and_Name -->
  <testcase classname="e_Practice_TestNG.f_DataP_with_Excel" name="createContact_Id_and_Name" time="0.001">
    <system-out>
      <![CDATA[Contact id: A_009
Contact name: Halcyon Edge ]]>
    </system-out>
  </testcase> <!-- createContact_Id_and_Name -->
  <testcase classname="e_Practice_TestNG.f_DataP_with_Excel" name="createContact_Id_and_Name" time="0.001">
    <system-out>
      <![CDATA[Contact id: A_007
Contact name: Ecliptic Minds]]>
    </system-out>
  </testcase> <!-- createContact_Id_and_Name -->
  <testcase classname="e_Practice_TestNG.f_DataP_with_Excel" name="createContact_Id_and_Name" time="0.001">
    <system-out>
      <![CDATA[Contact id: A_005
Contact name: Vireon Systems]]>
    </system-out>
  </testcase> <!-- createContact_Id_and_Name -->
  <testcase classname="e_Practice_TestNG.f_DataP_with_Excel" name="createContact_Id_and_Name" time="0.000">
    <system-out>
      <![CDATA[Contact id: A_004
Contact name: TerraBridge Ventures]]>
    </system-out>
  </testcase> <!-- createContact_Id_and_Name -->
  <testcase classname="e_Practice_TestNG.f_DataP_with_Excel" name="createContact_Id_and_Name" time="0.001">
    <system-out>
      <![CDATA[Contact id: A_008
Contact name: Orbitek Dynamics]]>
    </system-out>
  </testcase> <!-- createContact_Id_and_Name -->
  <testcase classname="e_Practice_TestNG.f_DataP_with_Excel" name="createContact_Id_and_Name" time="0.001">
    <system-out>
      <![CDATA[Contact id: A_010
Contact name: Nexora Alliance]]>
    </system-out>
  </testcase> <!-- createContact_Id_and_Name -->
  <testcase classname="e_Practice_TestNG.f_DataP_with_Excel" name="createContact_Id_and_Name" time="0.001">
    <system-out>
      <![CDATA[Contact id: A_002
Contact name: Zenith Nexus]]>
    </system-out>
  </testcase> <!-- createContact_Id_and_Name -->
  <testcase classname="e_Practice_TestNG.f_DataP_with_Excel" name="createContact_Id_and_Name" time="0.001">
    <system-out>
      <![CDATA[Contact id: A_006
Contact name: AstraSphere Group]]>
    </system-out>
  </testcase> <!-- createContact_Id_and_Name -->
  <testcase classname="e_Practice_TestNG.f_DataP_with_Excel" name="createContact_Id_and_Name" time="0.002">
    <system-out>
      <![CDATA[Contact id: A_003
Contact name: Lumora Collective]]>
    </system-out>
  </testcase> <!-- createContact_Id_and_Name -->
  <system-out>
    <![CDATA[Contact id: A_001
Contact name: Google
Contact id: A_002
Contact name: Zenith Nexus
Contact id: A_003
Contact name: Lumora Collective
Contact id: A_004
Contact name: TerraBridge Ventures
Contact id: A_005
Contact name: Vireon Systems
Contact id: A_006
Contact name: AstraSphere Group
Contact id: A_007
Contact name: Ecliptic Minds
Contact id: A_008
Contact name: Orbitek Dynamics
Contact id: A_009
Contact name: Halcyon Edge 
Contact id: A_010
Contact name: Nexora Alliance]]>
  </system-out>
</testsuite> <!-- e_Practice_TestNG.f_DataP_with_Excel -->
