<?xml version="1.0" encoding="UTF-8"?>
<!-- Generated by org.testng.reporters.JUnitReportReporter -->
<testsuite hostname="Aditya" failures="0" tests="2" name="m_Listners.a_Sample_Test" time="6.975" errors="0" timestamp="2025-07-11T10:14:17 IST" skipped="0">
  <testcase classname="m_Listners.a_Sample_Test" name="ceateInvoiceWithContact_Test" time="4.001"/>
  <testcase classname="m_Listners.a_Sample_Test" name="ceateInvoice_Test" time="2.974"/>
</testsuite> <!-- m_Listners.a_Sample_Test -->
