<?xml version="1.0" encoding="UTF-8"?>
<!-- Generated by org.testng.reporters.JUnitReportReporter -->
<testsuite hostname="Aditya" failures="0" tests="1" name="g_BatchExecution.b_createOrganizationWithIndustry_Test" time="7.868" errors="0" timestamp="2025-07-09T14:56:56 IST" skipped="0">
  <testcase classname="g_BatchExecution.b_createOrganizationWithIndustry_Test" name="createOrganizationWithIndustry_Test" time="7.868"/>
</testsuite> <!-- g_BatchExecution.b_createOrganizationWithIndustry_Test -->
