<?xml version="1.0" encoding="UTF-8"?>
<!-- Generated by org.testng.reporters.JUnitReportReporter -->
<testsuite hostname="Aditya" failures="0" tests="1" name="e_TestNG.j_CreateOrganization" time="7.848" errors="0" timestamp="2025-07-09T12:09:01 IST" skipped="0">
  <testcase classname="e_TestNG.j_CreateOrganization" name="createOrg_Test" time="7.848"/>
</testsuite> <!-- e_TestNG.j_CreateOrganization -->
