<?xml version="1.0" encoding="UTF-8"?>
<!-- Generated by org.testng.reporters.JUnitReportReporter -->
<testsuite hostname="Aditya" failures="0" tests="1" name="n_ExtentReport.a_SampleReportTest" time="0.522" errors="0" timestamp="2025-07-17T11:31:02 IST" skipped="0">
  <testcase classname="n_ExtentReport.a_SampleReportTest" name="createContactTest" time="0.522"/>
</testsuite> <!-- n_ExtentReport.a_SampleReportTest -->
