<?xml version="1.0" encoding="UTF-8"?>
<!-- Generated by org.testng.reporters.JUnitReportReporter -->
<testsuite hostname="Aditya" failures="0" tests="2" name="e_Practice_TestNG.g_Config_Annotations" time="0.005" errors="0" timestamp="2025-07-09T09:53:14 IST" skipped="0">
  <testcase classname="e_Practice_TestNG.g_Config_Annotations" name="Test_2" time="0.000"/>
  <testcase classname="e_Practice_TestNG.g_Config_Annotations" name="Test_1" time="0.005"/>
</testsuite> <!-- e_Practice_TestNG.g_Config_Annotations -->
