<?xml version="1.0" encoding="UTF-8"?>
<!-- Generated by org.testng.reporters.JUnitReportReporter -->
<testsuite hostname="Aditya" failures="0" tests="1" name="g_BatchExecution.c_createOrganizationWithPhoneNumber_Test" time="7.856" errors="0" timestamp="2025-07-09T14:56:56 IST" skipped="0">
  <testcase classname="g_BatchExecution.c_createOrganizationWithPhoneNumber_Test" name="createOrganizationWithPhoneNumber_Test" time="7.856"/>
</testsuite> <!-- g_BatchExecution.c_createOrganizationWithPhoneNumber_Test -->
