<?xml version="1.0" encoding="UTF-8"?>
<!-- Generated by org.testng.reporters.JUnitReportReporter -->
<testsuite hostname="Aditya" failures="0" tests="1" name="i_ParallelExecution.Test_03_DemoWebShop" time="6.887" errors="0" timestamp="2025-07-10T11:40:52 IST" skipped="0">
  <testcase classname="i_ParallelExecution.Test_03_DemoWebShop" name="demo_Test" time="6.887"/>
</testsuite> <!-- i_ParallelExecution.Test_03_DemoWebShop -->
