<?xml version="1.0" encoding="UTF-8"?>
<!-- Generated by org.testng.reporters.JUnitReportReporter -->
<testsuite hostname="Aditya" failures="0" tests="2" name="com.crm.contacttest.CreateContTest" time="0.007" errors="0" timestamp="2025-07-09T10:37:05 IST" skipped="0">
  <testcase classname="com.crm.contacttest.CreateContTest" name="createContact" time="0.006"/>
  <testcase classname="com.crm.contacttest.CreateContTest" name="createContactWithDate" time="0.001"/>
</testsuite> <!-- com.crm.contacttest.CreateContTest -->
