<?xml version="1.0" encoding="UTF-8"?>
<!-- Generated by org.testng.reporters.JUnitReportReporter -->
<testsuite hostname="Aditya" failures="0" tests="2" name="com.crm.orgtest.CreateOrgTest" time="0.007" errors="0" timestamp="2025-07-09T10:37:26 IST" skipped="0">
  <testcase classname="com.crm.orgtest.CreateOrgTest" name="createOrgTest" time="0.006"/>
  <testcase classname="com.crm.orgtest.CreateOrgTest" name="createOrgWithIndustry" time="0.001"/>
</testsuite> <!-- com.crm.orgtest.CreateOrgTest -->
