<?xml version="1.0" encoding="UTF-8"?>
<!-- Generated by org.testng.reporters.JUnitReportReporter -->
<testsuite hostname="Aditya" failures="0" tests="1" name="a_DataDrivenTesting.q_BackEndTest" time="0.466" errors="0" timestamp="2025-07-01T15:20:50 IST" skipped="0">
  <testcase classname="a_DataDrivenTesting.q_BackEndTest" name="Test" time="0.466"/>
</testsuite> <!-- a_DataDrivenTesting.q_BackEndTest -->
