<?xml version="1.0" encoding="UTF-8"?>
<!-- Generated by org.testng.reporters.JUnitReportReporter -->
<testsuite hostname="Aditya" failures="0" tests="1" name="n_ExtentReport.test_2" time="0.514" errors="0" timestamp="2025-07-16T14:35:57 IST" skipped="0">
  <testcase classname="n_ExtentReport.test_2" name="sampleTest" time="0.514"/>
</testsuite> <!-- n_ExtentReport.test_2 -->
