<?xml version="1.0" encoding="UTF-8"?>
<!-- Generated by org.testng.reporters.JUnitReportReporter -->
<testsuite hostname="Aditya" failures="0" tests="3" name="n_ExtentReport.c_ContactModule" time="10.334" errors="0" timestamp="2025-07-16T15:52:06 IST" skipped="0">
  <testcase classname="n_ExtentReport.c_ContactModule" name="deleteConatctTest" time="2.262"/>
  <testcase classname="n_ExtentReport.c_ContactModule" name="modifyContactTest" time="4.633"/>
  <testcase classname="n_ExtentReport.c_ContactModule" name="createContactTest" time="3.439"/>
</testsuite> <!-- n_ExtentReport.c_ContactModule -->
