<?xml version="1.0" encoding="UTF-8"?>
<!-- Generated by org.testng.reporters.JUnitReportReporter -->
<testsuite hostname="Aditya" failures="0" tests="1" name="n_ExtentReport.test_1" time="0.011" errors="0" timestamp="2025-07-16T15:34:45 IST" skipped="0">
  <testcase classname="n_ExtentReport.test_1" name="Sample_1" time="0.011"/>
</testsuite> <!-- n_ExtentReport.test_1 -->
