<?xml version="1.0" encoding="UTF-8"?>
<!-- Generated by org.testng.reporters.JUnitReportReporter -->
<testsuite hostname="Aditya" failures="0" tests="1" name="q_Maven_CMD.b_CreateOrgWithIndustry_Test" time="10.612" errors="0" timestamp="2025-07-23T16:30:03 IST" skipped="0">
  <testcase classname="q_Maven_CMD.b_CreateOrgWithIndustry_Test" name="createOrganizationWithIndustry_Test" time="10.612"/>
</testsuite> <!-- q_Maven_CMD.b_CreateOrgWithIndustry_Test -->
