<?xml version="1.0" encoding="UTF-8"?>
<!-- Generated by org.testng.reporters.JUnitReportReporter -->
<testsuite hostname="Aditya" failures="0" tests="1" name="a_DataDrivenTesting.Test2" time="0.006" errors="0" timestamp="2025-07-23T03:04:23 IST" skipped="0">
  <testcase classname="a_DataDrivenTesting.Test2" name="m1" time="0.006"/>
</testsuite> <!-- a_DataDrivenTesting.Test2 -->
