<?xml version="1.0" encoding="UTF-8"?>
<!-- Generated by org.testng.reporters.JUnitReportReporter -->
<testsuite hostname="Aditya" failures="0" tests="1" name="n_ExtentReport.b_SampleTestReport" time="1.168" errors="0" timestamp="2025-07-16T13:28:23 IST" skipped="0">
  <testcase classname="n_ExtentReport.b_SampleTestReport" name="createOrgTest" time="1.168"/>
</testsuite> <!-- n_ExtentReport.b_SampleTestReport -->
