<?xml version="1.0" encoding="UTF-8"?>
<!-- Generated by org.testng.reporters.JUnitReportReporter -->
<testsuite hostname="Aditya" failures="0" tests="2" name="e_TestNG.i_CreateOrgTest" time="0.006" errors="0" timestamp="2025-07-09T10:41:41 IST" skipped="0">
  <testcase classname="e_TestNG.i_CreateOrgTest" name="createOrgWithIndustry" time="0.002"/>
  <testcase classname="e_TestNG.i_CreateOrgTest" name="createOrgTest" time="0.004"/>
</testsuite> <!-- e_TestNG.i_CreateOrgTest -->
