<?xml version="1.0" encoding="UTF-8"?>
<!-- Generated by org.testng.reporters.JUnitReportReporter -->
<testsuite hostname="Aditya" failures="0" tests="1" name="q_Maven_CMD.a_CreateOrg_Test" time="8.118" errors="0" timestamp="2025-07-21T17:36:15 IST" skipped="0">
  <testcase classname="q_Maven_CMD.a_CreateOrg_Test" name="createOrg_Test" time="8.118"/>
</testsuite> <!-- q_Maven_CMD.a_CreateOrg_Test -->
