<?xml version="1.0" encoding="UTF-8"?>
<!-- Generated by org.testng.reporters.JUnitReportReporter -->
<testsuite hostname="Aditya" failures="0" tests="3" name="n_ExtentReport.b_With_BaseConfig" time="0.014" errors="0" timestamp="2025-07-16T16:28:38 IST" skipped="0">
  <testcase classname="n_ExtentReport.b_With_BaseConfig" name="createContact" time="0.011"/>
  <testcase classname="n_ExtentReport.b_With_BaseConfig" name="createContactWithPhoneNumber" time="0.001"/>
  <testcase classname="n_ExtentReport.b_With_BaseConfig" name="createContactWithOrg" time="0.002"/>
</testsuite> <!-- n_ExtentReport.b_With_BaseConfig -->
