<?xml version="1.0" encoding="UTF-8"?>
<!-- Generated by org.testng.reporters.JUnitReportReporter -->
<testsuite hostname="Aditya" failures="0" tests="1" name="d_POM_Implementation.b_SampleTestWithPom" time="4.349" errors="0" timestamp="2025-07-05T12:02:39 IST" skipped="0">
  <testcase classname="d_POM_Implementation.b_SampleTestWithPom" name="SampleTest" time="4.349"/>
</testsuite> <!-- d_POM_Implementation.b_SampleTestWithPom -->
