<?xml version="1.0" encoding="UTF-8"?>
<!-- Generated by org.testng.reporters.JUnitReportReporter -->
<testsuite hostname="Aditya" failures="0" tests="1" name="e_TestNG.Test_1" time="1.613" errors="0" timestamp="2025-07-09T12:04:41 IST" skipped="0">
  <testcase classname="e_TestNG.Test_1" name="login" time="1.613"/>
</testsuite> <!-- e_TestNG.Test_1 -->
