<?xml version="1.0" encoding="UTF-8"?>
<!-- Generated by org.testng.reporters.JUnitReportReporter -->
<testsuite hostname="Aditya" failures="0" tests="10" name="e_Practice_TestNG.d_InvocationCount" time="0.013" errors="0" timestamp="2025-07-08T14:54:45 IST" skipped="0">
  <testcase classname="e_Practice_TestNG.d_InvocationCount" name="createOrder" time="0.001"/>
  <testcase classname="e_Practice_TestNG.d_InvocationCount" name="createOrder" time="0.006"/>
  <testcase classname="e_Practice_TestNG.d_InvocationCount" name="createOrder" time="0.001"/>
  <testcase classname="e_Practice_TestNG.d_InvocationCount" name="createOrder" time="0.001"/>
  <testcase classname="e_Practice_TestNG.d_InvocationCount" name="createOrder" time="0.001"/>
  <testcase classname="e_Practice_TestNG.d_InvocationCount" name="createOrder" time="0.001"/>
  <testcase classname="e_Practice_TestNG.d_InvocationCount" name="createOrder" time="0.001"/>
  <testcase classname="e_Practice_TestNG.d_InvocationCount" name="createOrder" time="0.000"/>
  <testcase classname="e_Practice_TestNG.d_InvocationCount" name="createOrder" time="0.000"/>
  <testcase classname="e_Practice_TestNG.d_InvocationCount" name="createOrder" time="0.001"/>
</testsuite> <!-- e_Practice_TestNG.d_InvocationCount -->
