<?xml version="1.0" encoding="UTF-8"?>
<!-- Generated by org.testng.reporters.JUnitReportReporter -->
<testsuite hostname="Aditya" failures="0" tests="4" name="e_Practice_TestNG.e_DataProvider_2" time="0.007" errors="0" timestamp="2025-07-08T15:52:39 IST" skipped="0">
  <testcase classname="e_Practice_TestNG.e_DataProvider_2" name="createContact_Id_and_Name" time="0.001">
    <system-out>
      <![CDATA[Contact id: A_004
Contact name: Akshay
Contact number: 66666666666]]>
    </system-out>
  </testcase> <!-- createContact_Id_and_Name -->
  <testcase classname="e_Practice_TestNG.e_DataProvider_2" name="createContact_Id_and_Name" time="0.004">
    <system-out>
      <![CDATA[Contact id: A_001
Contact name: Aditya
Contact number: 9999999999]]>
    </system-out>
  </testcase> <!-- createContact_Id_and_Name -->
  <testcase classname="e_Practice_TestNG.e_DataProvider_2" name="createContact_Id_and_Name" time="0.001">
    <system-out>
      <![CDATA[Contact id: A_002
Contact name: Ankit
Contact number: 8888888888]]>
    </system-out>
  </testcase> <!-- createContact_Id_and_Name -->
  <testcase classname="e_Practice_TestNG.e_DataProvider_2" name="createContact_Id_and_Name" time="0.001">
    <system-out>
      <![CDATA[Contact id: A_003
Contact name: Nishant
Contact number: 7777777777]]>
    </system-out>
  </testcase> <!-- createContact_Id_and_Name -->
  <system-out>
    <![CDATA[Contact id: A_001
Contact name: Aditya
Contact number: 9999999999
Contact id: A_002
Contact name: Ankit
Contact number: 8888888888
Contact id: A_003
Contact name: Nishant
Contact number: 7777777777
Contact id: A_004
Contact name: Akshay
Contact number: 66666666666]]>
  </system-out>
</testsuite> <!-- e_Practice_TestNG.e_DataProvider_2 -->
