<?xml version="1.0" encoding="UTF-8"?>
<!-- Generated by org.testng.reporters.JUnitReportReporter -->
<testsuite hostname="Aditya" failures="0" tests="2" name="k_Reports.b_Hard_Soft_Assert" time="0.010" errors="0" timestamp="2025-07-10T15:30:50 IST" skipped="0">
  <testcase classname="k_Reports.b_Hard_Soft_Assert" name="hardAssert_Test" time="0.009">
    <system-out>
      <![CDATA[hardAssert_TestTest start
Test_1
Test_2
Test_3
Test_4
hardAssert_TestTest end]]>
    </system-out>
  </testcase> <!-- hardAssert_Test -->
  <testcase classname="k_Reports.b_Hard_Soft_Assert" name="softAssert_Test" time="0.001">
    <system-out>
      <![CDATA[softAssert_TestTest start
Test_1
Test_2
Test_3
Test_4
softAssert_TestTest end]]>
    </system-out>
  </testcase> <!-- softAssert_Test -->
  <system-out>
    <![CDATA[hardAssert_TestTest start
Test_1
Test_2
Test_3
Test_4
hardAssert_TestTest end
softAssert_TestTest start
Test_1
Test_2
Test_3
Test_4
softAssert_TestTest end]]>
  </system-out>
</testsuite> <!-- k_Reports.b_Hard_Soft_Assert -->
