<?xml version="1.0" encoding="UTF-8"?>
<!-- Generated by org.testng.reporters.JUnitReportReporter -->
<testsuite hostname="Aditya" failures="0" tests="2" name="a_DataDrivenTesting.m_ReadData_XML" time="4.375" errors="0" timestamp="2025-06-30T17:24:31 IST" skipped="0">
  <testcase classname="a_DataDrivenTesting.m_ReadData_XML" name="readData" time="0.005"/>
  <testcase classname="a_DataDrivenTesting.m_ReadData_XML" name="read" time="4.370"/>
</testsuite> <!-- a_DataDrivenTesting.m_ReadData_XML -->
