<?xml version="1.0" encoding="UTF-8"?>
<!-- Generated by org.testng.reporters.JUnitReportReporter -->
<testsuite hostname="Aditya" failures="0" tests="1" name="l_Screenshots.b_ElementScreenshot" time="4.750" errors="0" timestamp="2025-07-10T16:21:46 IST" skipped="0">
  <testcase classname="l_Screenshots.b_ElementScreenshot" name="screenshot" time="4.750"/>
</testsuite> <!-- l_Screenshots.b_ElementScreenshot -->
